#
# There is insufficient memory for the Java Runtime Environment to continue.
# Native memory allocation (mmap) failed to map 209715200 bytes for G1 virtual space
# Possible reasons:
#   The system is out of physical RAM or swap space
#   The process is running with CompressedOops enabled, and the Java Heap may be blocking the growth of the native heap
# Possible solutions:
#   Reduce memory load on the system
#   Increase physical memory or swap space
#   Check if swap backing store is full
#   Decrease Java heap size (-Xmx/-Xms)
#   Decrease number of Java threads
#   Decrease Java thread stack sizes (-Xss)
#   Set larger code cache with -XX:ReservedCodeCacheSize=
#   JVM is running with Unscaled Compressed Oops mode in which the Java heap is
#     placed in the first 4GB address space. The Java Heap base address is the
#     maximum limit for the native heap growth. Please use -XX:HeapBaseMinAddress
#     to set the Java Heap base and to place the Java Heap above 4GB virtual address.
# This output file may be truncated or incomplete.
#
#  Out of Memory Error (os_windows.cpp:3550), pid=9364, tid=33720
#
# JRE version:  (17.0.7+8) (build )
# Java VM: Java HotSpot(TM) 64-Bit Server VM (17.0.7+8-LTS-224, mixed mode, sharing, tiered, compressed oops, compressed class ptrs, g1 gc, windows-amd64)
# No core dump will be written. Minidumps are not enabled by default on client versions of Windows
#

---------------  S U M M A R Y ------------

Command Line: -Djennifer.config=E:/jennifer5/agent.java/conf/store.conf -javaagent:E:/jennifer5/agent.java/jennifer.jar --add-opens=jdk.management/com.sun.management.internal=ALL-UNNAMED --add-opens=java.base/sun.nio.fs=ALL-UNNAMED -javaagent:E:/jennifer5/agent.java/jennifer.jar --add-opens=jdk.management/com.sun.management.internal=ALL-UNNAMED --add-opens=java.base/sun.nio.fs=ALL-UNNAMED -Xmx200m -Dfile.encoding=UTF-8 -Duser.country=KR -Duser.language=ko -Duser.variant com.study.mypizza.store.StoreApplication

Host: Intel(R) Core(TM) i7-10510U CPU @ 1.80GHz, 8 cores, 15G,  Windows 10 , 64 bit Build 18362 (10.0.18362.2274)
Time: Wed Nov 27 13:48:13 2024 渠и團措 ル遽衛 elapsed time: 0.040817 seconds (0d 0h 0m 0s)

---------------  T H R E A D  ---------------

Current thread (0x000001b4279dfec0):  JavaThread "Unknown thread" [_thread_in_vm, id=33720, stack(0x00000002a6d00000,0x00000002a6e00000)]

Stack: [0x00000002a6d00000,0x00000002a6e00000]
Native frames: (J=compiled Java code, j=interpreted, Vv=VM code, C=native code)
V  [jvm.dll+0x676a4a]
V  [jvm.dll+0x7d74f4]
V  [jvm.dll+0x7d8c9e]
V  [jvm.dll+0x7d9303]
V  [jvm.dll+0x2452c5]
V  [jvm.dll+0x6738f9]
V  [jvm.dll+0x668232]
V  [jvm.dll+0x302826]
V  [jvm.dll+0x309da6]
V  [jvm.dll+0x35952e]
V  [jvm.dll+0x35975f]
V  [jvm.dll+0x2d9a38]
V  [jvm.dll+0x2da9a4]
V  [jvm.dll+0x7a8fb1]
V  [jvm.dll+0x3670e1]
V  [jvm.dll+0x788359]
V  [jvm.dll+0x3ea5ef]
V  [jvm.dll+0x3ec071]
C  [jli.dll+0x5297]
C  [ucrtbase.dll+0x210b2]
C  [KERNEL32.DLL+0x17c24]
C  [ntdll.dll+0x6d721]


---------------  P R O C E S S  ---------------

Threads class SMR info:
_java_thread_list=0x00007ffef8ce4998, length=0, elements={
}

Java Threads: ( => current thread )

Other Threads:
  0x000001b4271438e0 GCTaskThread "GC Thread#0" [stack: 0x00000002a6e00000,0x00000002a6f00000] [id=28960]
  0x000001b427145f30 ConcurrentGCThread "G1 Main Marker" [stack: 0x00000002a6f00000,0x00000002a7000000] [id=31888]
  0x000001b4271472c0 ConcurrentGCThread "G1 Conc#0" [stack: 0x00000002a7000000,0x00000002a7100000] [id=12840]

[error occurred during error reporting (printing all threads), id 0xc0000005, EXCEPTION_ACCESS_VIOLATION (0xc0000005) at pc=0x00007ffef851a697]

VM state: not at safepoint (not fully initialized)

VM Mutex/Monitor currently owned by a thread:  ([mutex/lock_event])
[0x000001b4279d90a0] Heap_lock - owner thread: 0x000001b4279dfec0

Heap address: 0x00000000f3800000, size: 200 MB, Compressed Oops mode: 32-bit

CDS archive(s) mapped at: [0x0000000000000000-0x0000000000000000-0x0000000000000000), size 0, SharedBaseAddress: 0x0000000800000000, ArchiveRelocationMode: 0.
Narrow klass base: 0x0000000000000000, Narrow klass shift: 0, Narrow klass range: 0x0

GC Precious Log:
<Empty>

Heap:
 garbage-first heap   total 0K, used 0K [0x00000000f3800000, 0x0000000100000000)
  region size 1024K, 0 young (0K), 0 survivors (0K)

[error occurred during error reporting (printing heap information), id 0xc0000005, EXCEPTION_ACCESS_VIOLATION (0xc0000005) at pc=0x00007ffef89000b9]

GC Heap History (0 events):
No events

Deoptimization events (0 events):
No events

Classes unloaded (0 events):
No events

Classes redefined (0 events):
No events

Internal exceptions (0 events):
No events

VM Operations (0 events):
No events

Events (2 events):
Event: 0.025 Loaded shared library C:\Java\jdk-17\bin\java.dll
Event: 0.029 Loaded shared library C:\Java\jdk-17\bin\zip.dll


Dynamic libraries:
0x00007ff67daf0000 - 0x00007ff67db00000 	C:\Java\jdk-17\bin\java.exe
0x00007fff4c7a0000 - 0x00007fff4c990000 	C:\Windows\SYSTEM32\ntdll.dll
0x00007fff4b5a0000 - 0x00007fff4b652000 	C:\Windows\System32\KERNEL32.DLL
0x00007fff497c0000 - 0x00007fff49a65000 	C:\Windows\System32\KERNELBASE.dll
0x0000000053790000 - 0x000000005382d000 	C:\ProgramData\Symantec\Symantec Endpoint Protection\14.3.9225.6000.105\Data\Sysfer\x64\sysfer.dll
0x00007fff49d40000 - 0x00007fff49e3a000 	C:\Windows\System32\ucrtbase.dll
0x00007fff16bf0000 - 0x00007fff16c09000 	C:\Java\jdk-17\bin\jli.dll
0x00007fff15070000 - 0x00007fff1508b000 	C:\Java\jdk-17\bin\VCRUNTIME140.dll
0x00007fff4a850000 - 0x00007fff4a8f5000 	C:\Windows\System32\ADVAPI32.dll
0x00007fff4b0f0000 - 0x00007fff4b18e000 	C:\Windows\System32\msvcrt.dll
0x00007fff4bc80000 - 0x00007fff4bd18000 	C:\Windows\System32\sechost.dll
0x00007fff4b480000 - 0x00007fff4b59b000 	C:\Windows\System32\RPCRT4.dll
0x00007fff4bdf0000 - 0x00007fff4bf84000 	C:\Windows\System32\USER32.dll
0x00007fff49f20000 - 0x00007fff49f41000 	C:\Windows\System32\win32u.dll
0x00007fff4a990000 - 0x00007fff4a9b6000 	C:\Windows\System32\GDI32.dll
0x00007fff49ba0000 - 0x00007fff49d38000 	C:\Windows\System32\gdi32full.dll
0x00007fff49b00000 - 0x00007fff49b9e000 	C:\Windows\System32\msvcp_win.dll
0x00007fff30d10000 - 0x00007fff30f94000 	C:\Windows\WinSxS\amd64_microsoft.windows.common-controls_6595b64144ccf1df_6.0.18362.2274_none_9e8067a5e45c3d75\COMCTL32.dll
0x00007fff3b960000 - 0x00007fff3b96a000 	C:\Windows\SYSTEM32\VERSION.dll
0x00007fff4b7c0000 - 0x00007fff4baf6000 	C:\Windows\System32\combase.dll
0x00007fff49e40000 - 0x00007fff49ec4000 	C:\Windows\System32\bcryptPrimitives.dll
0x00007fff4ab50000 - 0x00007fff4ab7e000 	C:\Windows\System32\IMM32.DLL
0x00007fff47450000 - 0x00007fff4745c000 	C:\Java\jdk-17\bin\vcruntime140_1.dll
0x00007ffefd410000 - 0x00007ffefd49e000 	C:\Java\jdk-17\bin\msvcp140.dll
0x00007ffef8230000 - 0x00007ffef8e0d000 	C:\Java\jdk-17\bin\server\jvm.dll
0x00007fff4a840000 - 0x00007fff4a848000 	C:\Windows\System32\PSAPI.DLL
0x00007fff2d860000 - 0x00007fff2d869000 	C:\Windows\SYSTEM32\WSOCK32.dll
0x00007fff4ac00000 - 0x00007fff4ac6f000 	C:\Windows\System32\WS2_32.dll
0x00007fff47380000 - 0x00007fff473a4000 	C:\Windows\SYSTEM32\WINMM.dll
0x00007fff47320000 - 0x00007fff4734d000 	C:\Windows\SYSTEM32\WINMMBASE.dll
0x00007fff49ed0000 - 0x00007fff49f1a000 	C:\Windows\System32\cfgmgr32.dll
0x00007fff49660000 - 0x00007fff49671000 	C:\Windows\System32\kernel.appcore.dll
0x00007fff349f0000 - 0x00007fff349fa000 	C:\Java\jdk-17\bin\jimage.dll
0x00007fff47dc0000 - 0x00007fff47fb4000 	C:\Windows\SYSTEM32\DBGHELP.DLL
0x00007fff2ff40000 - 0x00007fff2ff6a000 	C:\Windows\SYSTEM32\dbgcore.DLL
0x00007fff3b4f0000 - 0x00007fff3b4fe000 	C:\Java\jdk-17\bin\instrument.dll
0x00007fff13440000 - 0x00007fff13465000 	C:\Java\jdk-17\bin\java.dll
0x00007fff123e0000 - 0x00007fff123f8000 	C:\Java\jdk-17\bin\zip.dll

dbghelp: loaded successfully - version: 4.0.5 - missing functions: none
symbol engine: initialized successfully - sym options: 0x614 - pdb path: .;C:\Java\jdk-17\bin;C:\Windows\SYSTEM32;C:\ProgramData\Symantec\Symantec Endpoint Protection\14.3.9225.6000.105\Data\Sysfer\x64;C:\Windows\WinSxS\amd64_microsoft.windows.common-controls_6595b64144ccf1df_6.0.18362.2274_none_9e8067a5e45c3d75;C:\Java\jdk-17\bin\server

VM Arguments:
jvm_args: -Djennifer.config=E:/jennifer5/agent.java/conf/store.conf -javaagent:E:/jennifer5/agent.java/jennifer.jar --add-opens=jdk.management/com.sun.management.internal=ALL-UNNAMED --add-opens=java.base/sun.nio.fs=ALL-UNNAMED -javaagent:E:/jennifer5/agent.java/jennifer.jar --add-opens=jdk.management/com.sun.management.internal=ALL-UNNAMED --add-opens=java.base/sun.nio.fs=ALL-UNNAMED -Xmx200m -Dfile.encoding=UTF-8 -Duser.country=KR -Duser.language=ko -Duser.variant 
java_command: com.study.mypizza.store.StoreApplication
java_class_path (initial): E:\workspace\intellij\my-pizza\store\build\classes\java\main;E:\workspace\intellij\my-pizza\store\build\resources\main;C:\Users\06401\.gradle\caches\modules-2\files-2.1\org.springframework.boot\spring-boot-starter-actuator\3.2.2\bb329cb8813ad75e76baad30658b756f57c8f6fb\spring-boot-starter-actuator-3.2.2.jar;C:\Users\06401\.gradle\caches\modules-2\files-2.1\org.springframework.boot\spring-boot-starter-data-jpa\3.2.2\65cf3aad09f0218b7dfab849c9b0350d0a9e0d81\spring-boot-starter-data-jpa-3.2.2.jar;C:\Users\06401\.gradle\caches\modules-2\files-2.1\org.springframework.boot\spring-boot-starter-thymeleaf\3.2.2\d1895c9a600547d53dddfff7c57ab7838df5d65\spring-boot-starter-thymeleaf-3.2.2.jar;C:\Users\06401\.gradle\caches\modules-2\files-2.1\org.springframework.boot\spring-boot-starter-data-rest\3.2.2\e71f92b9ff4f8764446d94ff9bfb80ca0c10214c\spring-boot-starter-data-rest-3.2.2.jar;C:\Users\06401\.gradle\caches\modules-2\files-2.1\org.springframework.boot\spring-boot-starter-web\3.2.2\b89d213d9f49c3e6247b2503ac7d94b0ac8260f6\spring-boot-starter-web-3.2.2.jar;C:\Users\06401\.gradle\caches\modules-2\files-2.1\org.apache.kafka\kafka-streams\3.6.1\4ffef7bf6e1330d41f5e130c766016115ba101c8\kafka-streams-3.6.1.jar;C:\Users\06401\.gradle\caches\modules-2\files-2.1\org.springframework.cloud\spring-cloud-starter-config\4.1.0\728c5582b0e142d8bd61d9fc82904e45b8544569\spring-cloud-starter-config-4.1.0.jar;C:\Users\06401\.gradle\caches\modules-2\files-2.1\org.springframework.cloud\spring-cloud-starter-netflix-eureka-client\4.1.0\66077e7c4198db4c351391dd2e96399cff857f47\spring-cloud-starter-netflix-eureka-client-4.1.0.jar;C:\Users\06401\.gradle\caches\modules-2\files-2.1\org.springframework.cloud\spring-cloud-starter-openfeign\4.1.0\1ec867ae2e6f9f0bf06b8b65bc79df0b7573f7a3\spring-cloud-starter-openfeign-4.1.0.jar;C:\Users\06401\.gradle\caches\modules-2\files-2.1\org.springframework.cloud\spring-cloud-stream-binder-kafka\4.1.0\9cfa5924c64e1fceda3afe223ca02278cbfeb58
Launcher Type: SUN_STANDARD

[Global flags]
     intx CICompilerCount                          = 4                                         {product} {ergonomic}
     uint ConcGCThreads                            = 2                                         {product} {ergonomic}
     uint G1ConcRefinementThreads                  = 8                                         {product} {ergonomic}
   size_t G1HeapRegionSize                         = 1048576                                   {product} {ergonomic}
    uintx GCDrainStackTargetSize                   = 64                                        {product} {ergonomic}
   size_t InitialHeapSize                          = 209715200                                 {product} {ergonomic}
   size_t MarkStackSize                            = 4194304                                   {product} {ergonomic}
   size_t MaxHeapSize                              = 209715200                                 {product} {command line}
   size_t MinHeapDeltaBytes                        = 1048576                                   {product} {ergonomic}
   size_t MinHeapSize                              = 8388608                                   {product} {ergonomic}
    uintx NonNMethodCodeHeapSize                   = 5839372                                {pd product} {ergonomic}
    uintx NonProfiledCodeHeapSize                  = 122909434                              {pd product} {ergonomic}
    uintx ProfiledCodeHeapSize                     = 122909434                              {pd product} {ergonomic}
    uintx ReservedCodeCacheSize                    = 251658240                              {pd product} {ergonomic}
     bool SegmentedCodeCache                       = true                                      {product} {ergonomic}
   size_t SoftMaxHeapSize                          = 209715200                              {manageable} {ergonomic}
     bool UseCompressedClassPointers               = true                           {product lp64_product} {ergonomic}
     bool UseCompressedOops                        = true                           {product lp64_product} {ergonomic}
     bool UseG1GC                                  = true                                      {product} {ergonomic}
     bool UseLargePagesIndividualAllocation        = false                                  {pd product} {ergonomic}

Logging:
Log output configuration:
 #0: stdout all=warning uptime,level,tags
 #1: stderr all=off uptime,level,tags

Environment Variables:
JAVA_HOME=C:\Java\jdk-17
PATH=C:\Program Files (x86)\Common Files\Oracle\Java\javapath;C:\Program Files\Common Files\Oracle\Java\javapath;E:\apache-maven-3.8.1\bin;C:\Program Files (x86)\Microsoft SDKs\Azure\CLI2\wbin;C:\Program Files\Python39\Scripts\;C:\Program Files\Python39\;C:\Java\jdk-17\bin;C:\Windows\system32;C:\Windows;C:\Windows\System32\Wbem;C:\Windows\System32\WindowsPowerShell\v1.0\;C:\Windows\System32\OpenSSH\;C:\Program Files (x86)\NVIDIA Corporation\PhysX\Common;C:\Program Files\MySQL\MySQL Server 8.0\bin;C:\Program Files\Microsoft VS Code\bin;C:\Users\06401\AppData\Roaming\Python\Python39\Scripts;C:\Program Files\Git\cmd;C:\Program Files\PuTTY\;C:\Program Files (x86)\ESTsoft\ALZip;C:\Program Files\PowerShell\7\;C:\minikube;E:\gradle-8.5\bin;C:\Users\06401\AppData\Local\Programs\Python\Python312\Scripts\;C:\Users\06401\AppData\Local\Programs\Python\Python312\;C:\Program Files\MySQL\MySQL Shell 8.0\bin\;C:\Users\06401\AppData\Local\Microsoft\WindowsApps;C:\Program Files (x86)\IDM Computer Solutions\UltraEdit\;C:\Program Files\Azure Data Studio\bin;E:\JetBrains\IntelliJ IDEA Community Edition 2023.2.5\bin;;C:\Program Files\JetBrains\PyCharm 2024.2.1\bin;
USERNAME=06401
OS=Windows_NT
PROCESSOR_IDENTIFIER=Intel64 Family 6 Model 142 Stepping 12, GenuineIntel



---------------  S Y S T E M  ---------------

OS:
 Windows 10 , 64 bit Build 18362 (10.0.18362.2274)
OS uptime: 11 days 4:00 hours
Hyper-V role detected

CPU: total 8 (initial active 8) (4 cores per cpu, 2 threads per core) family 6 model 142 stepping 12 microcode 0xde, cx8, cmov, fxsr, ht, mmx, 3dnowpref, sse, sse2, sse3, ssse3, sse4.1, sse4.2, popcnt, lzcnt, tsc, tscinvbit, avx, avx2, aes, erms, clmul, bmi1, bmi2, adx, fma, vzeroupper, clflush, clflushopt, hv

Memory: 4k page, system-wide physical 16197M (1242M free)
TotalPageFile size 31467M (AvailPageFile size 591M)
current process WorkingSet (physical memory assigned to process): 11M, peak: 11M
current process commit charge ("private bytes"): 60M, peak: 260M

vm_info: Java HotSpot(TM) 64-Bit Server VM (17.0.7+8-LTS-224) for windows-amd64 JRE (17.0.7+8-LTS-224), built on Feb 28 2023 23:03:02 by "mach5one" with MS VC++ 17.1 (VS2022)

END.
